c:\users\mihaela\desktop\framework-egc-master\visual studio\obj\x64\debug\framework_egc\shader.obj
c:\users\mihaela\desktop\framework-egc-master\visual studio\obj\x64\debug\framework_egc\windowcallbacks.obj
c:\users\mihaela\desktop\framework-egc-master\visual studio\obj\x64\debug\framework_egc\object2d.obj
c:\users\mihaela\desktop\framework-egc-master\visual studio\obj\x64\debug\framework_egc\gamescene.obj
c:\users\mihaela\desktop\framework-egc-master\visual studio\obj\x64\debug\framework_egc\texture2d.obj
c:\users\mihaela\desktop\framework-egc-master\visual studio\obj\x64\debug\framework_egc\texturemanager.obj
c:\users\mihaela\desktop\framework-egc-master\visual studio\obj\x64\debug\framework_egc\laborator3_vis2d.obj
c:\users\mihaela\desktop\framework-egc-master\visual studio\obj\x64\debug\framework_egc\main.obj
c:\users\mihaela\desktop\framework-egc-master\visual studio\obj\x64\debug\framework_egc\tema2.obj
c:\users\mihaela\desktop\framework-egc-master\visual studio\obj\x64\debug\framework_egc\mesh.obj
c:\users\mihaela\desktop\framework-egc-master\visual studio\obj\x64\debug\framework_egc\laborator1.obj
c:\users\mihaela\desktop\framework-egc-master\visual studio\obj\x64\debug\framework_egc\laborator7.obj
c:\users\mihaela\desktop\framework-egc-master\visual studio\obj\x64\debug\framework_egc\scenegame.obj
c:\users\mihaela\desktop\framework-egc-master\visual studio\obj\x64\debug\framework_egc\simplescene.obj
c:\users\mihaela\desktop\framework-egc-master\visual studio\obj\x64\debug\framework_egc\laborator2.obj
c:\users\mihaela\desktop\framework-egc-master\visual studio\obj\x64\debug\framework_egc\laborator8.obj
c:\users\mihaela\desktop\framework-egc-master\visual studio\obj\x64\debug\framework_egc\table.obj
c:\users\mihaela\desktop\framework-egc-master\visual studio\obj\x64\debug\framework_egc\gpubuffers.obj
c:\users\mihaela\desktop\framework-egc-master\visual studio\obj\x64\debug\framework_egc\windowobject.obj
c:\users\mihaela\desktop\framework-egc-master\visual studio\obj\x64\debug\framework_egc\laborator5.obj
c:\users\mihaela\desktop\framework-egc-master\visual studio\obj\x64\debug\framework_egc\tema1.obj
c:\users\mihaela\desktop\framework-egc-master\visual studio\obj\x64\debug\framework_egc\engine.obj
c:\users\mihaela\desktop\framework-egc-master\visual studio\obj\x64\debug\framework_egc\world.obj
c:\users\mihaela\desktop\framework-egc-master\visual studio\obj\x64\debug\framework_egc\laborator6.obj
c:\users\mihaela\desktop\framework-egc-master\visual studio\obj\x64\debug\framework_egc\ball.obj
c:\users\mihaela\desktop\framework-egc-master\visual studio\obj\x64\debug\framework_egc\sceneinput.obj
c:\users\mihaela\desktop\framework-egc-master\visual studio\obj\x64\debug\framework_egc\gl.obj
c:\users\mihaela\desktop\framework-egc-master\visual studio\obj\x64\debug\framework_egc\laborator3.obj
c:\users\mihaela\desktop\framework-egc-master\visual studio\obj\x64\debug\framework_egc\laborator9.obj
c:\users\mihaela\desktop\framework-egc-master\visual studio\obj\x64\debug\framework_egc\camerainput.obj
c:\users\mihaela\desktop\framework-egc-master\visual studio\obj\x64\debug\framework_egc\inputcontroller.obj
c:\users\mihaela\desktop\framework-egc-master\visual studio\obj\x64\debug\framework_egc\laborator4.obj
c:\users\mihaela\desktop\framework-egc-master\visual studio\obj\x64\debug\framework_egc\objectin2d.obj
c:\users\mihaela\desktop\framework-egc-master\visual studio\obj\x64\debug\framework_egc\vc141.pdb
c:\users\mihaela\desktop\framework-egc-master\visual studio\obj\x64\debug\framework_egc\framework_egc.tlog\cl.12468.write.1.tlog
c:\users\mihaela\desktop\framework-egc-master\visual studio\obj\x64\debug\framework_egc\framework_egc.tlog\cl.command.1.tlog
c:\users\mihaela\desktop\framework-egc-master\visual studio\obj\x64\debug\framework_egc\framework_egc.tlog\cl.read.1.tlog
c:\users\mihaela\desktop\framework-egc-master\visual studio\obj\x64\debug\framework_egc\framework_egc.tlog\link-cvtres.read.1.tlog
c:\users\mihaela\desktop\framework-egc-master\visual studio\obj\x64\debug\framework_egc\framework_egc.tlog\link-cvtres.write.1.tlog
c:\users\mihaela\desktop\framework-egc-master\visual studio\obj\x64\debug\framework_egc\framework_egc.tlog\link-rc.read.1.tlog
c:\users\mihaela\desktop\framework-egc-master\visual studio\obj\x64\debug\framework_egc\framework_egc.tlog\link-rc.write.1.tlog
c:\users\mihaela\desktop\framework-egc-master\visual studio\obj\x64\debug\framework_egc\framework_egc.tlog\link.command.1.tlog
c:\users\mihaela\desktop\framework-egc-master\visual studio\obj\x64\debug\framework_egc\framework_egc.tlog\link.read.1.tlog
c:\users\mihaela\desktop\framework-egc-master\visual studio\obj\x64\debug\framework_egc\framework_egc.tlog\link.write.1.tlog
